<?xml version="1.0" encoding="UTF-8"?>
<testng-results skipped="0" failed="0" ignored="0" total="3" passed="3">
  <reporter-output>
  </reporter-output>
  <suite name="Default suite" duration-ms="38329" started-at="2019-06-26T19:02:39Z" finished-at="2019-06-26T19:03:17Z">
    <groups>
    </groups>
    <test name="Default test" duration-ms="38329" started-at="2019-06-26T19:02:39Z" finished-at="2019-06-26T19:03:17Z">
      <class name="TestScript.MashreqDigital">
        <test-method status="PASS" signature="beforeClass()[pri:0, instance:TestScript.MashreqDigital@195d2a2]" name="beforeClass" is-config="true" duration-ms="4803" started-at="2019-06-26T19:02:39Z" finished-at="2019-06-26T19:02:44Z">
          <reporter-output>
          </reporter-output>
        </test-method> <!-- beforeClass -->
        <test-method status="PASS" signature="initilazation()[pri:0, instance:TestScript.MashreqDigital@195d2a2]" name="initilazation" is-config="true" duration-ms="15" started-at="2019-06-26T19:02:44Z" finished-at="2019-06-26T19:02:44Z">
          <reporter-output>
          </reporter-output>
        </test-method> <!-- initilazation -->
        <test-method status="PASS" signature="launchApplication()[pri:0, instance:TestScript.MashreqDigital@195d2a2]" name="launchApplication" duration-ms="12673" started-at="2019-06-26T19:02:44Z" finished-at="2019-06-26T19:02:56Z">
          <reporter-output>
          </reporter-output>
        </test-method> <!-- launchApplication -->
        <test-method status="PASS" signature="verifyTheHeader()[pri:0, instance:TestScript.MashreqDigital@195d2a2]" name="verifyTheHeader" duration-ms="7216" started-at="2019-06-26T19:02:56Z" depends-on-methods="TestScript.MashreqDigital.launchApplication" finished-at="2019-06-26T19:03:04Z">
          <reporter-output>
          </reporter-output>
        </test-method> <!-- verifyTheHeader -->
        <test-method status="PASS" signature="initilazation()[pri:0, instance:TestScript.MashreqDigital@195d2a2]" name="initilazation" is-config="true" duration-ms="0" started-at="2019-06-26T19:02:56Z" finished-at="2019-06-26T19:02:56Z">
          <reporter-output>
          </reporter-output>
        </test-method> <!-- initilazation -->
        <test-method status="PASS" signature="initilazation()[pri:0, instance:TestScript.MashreqDigital@195d2a2]" name="initilazation" is-config="true" duration-ms="0" started-at="2019-06-26T19:03:04Z" finished-at="2019-06-26T19:03:04Z">
          <reporter-output>
          </reporter-output>
        </test-method> <!-- initilazation -->
        <test-method status="PASS" signature="verifyContactPage()[pri:0, instance:TestScript.MashreqDigital@195d2a2]" name="verifyContactPage" duration-ms="13240" started-at="2019-06-26T19:03:04Z" depends-on-methods="TestScript.MashreqDigital.verifyTheHeader" finished-at="2019-06-26T19:03:17Z">
          <reporter-output>
          </reporter-output>
        </test-method> <!-- verifyContactPage -->
        <test-method status="PASS" signature="afterClass()[pri:0, instance:TestScript.MashreqDigital@195d2a2]" name="afterClass" is-config="true" duration-ms="355" started-at="2019-06-26T19:03:17Z" finished-at="2019-06-26T19:03:17Z">
          <reporter-output>
          </reporter-output>
        </test-method> <!-- afterClass -->
      </class> <!-- TestScript.MashreqDigital -->
    </test> <!-- Default test -->
  </suite> <!-- Default suite -->
</testng-results>
